{
  "RSpec": {
    "coverage": {
      "/Users/Huxley/Desktop/makers_ruby/week4/message_app/app.rb": [
        1,
        null,
        1,
        1,
        1,
        1,
        1,
        null,
        1,
        1,
        1,
        1,
        null,
        1,
        9,
        9,
        null,
        null,
        1,
        3,
        3,
        null,
        null,
        1,
        3,
        3,
        3,
        null,
        null,
        1,
        0,
        0,
        0,
        null,
        0,
        null,
        null,
        null,
        1,
        2,
        2,
        2,
        null,
        0,
        null,
        null,
        null,
        null,
        null
      ],
      "/Users/Huxley/Desktop/makers_ruby/week4/message_app/lib/message.rb": [
        1,
        null,
        1,
        1,
        null,
        1,
        1,
        1,
        1,
        null
      ],
      "/Users/Huxley/Desktop/makers_ruby/week4/message_app/config/data_mapper.rb": [
        1,
        null,
        1,
        null,
        1,
        null,
        1
      ],
      "/Users/Huxley/Desktop/makers_ruby/week4/message_app/spec/web_helpers.rb": [
        null,
        1,
        3,
        3,
        3,
        null,
        null,
        1,
        3,
        null,
        null,
        1,
        0,
        0,
        0,
        null
      ],
      "/Users/Huxley/Desktop/makers_ruby/week4/message_app/spec/features/deleting_message_spec.rb": [
        1,
        4,
        2,
        null,
        1,
        3,
        3,
        null,
        null,
        1,
        1,
        null,
        null,
        1,
        1,
        1,
        null,
        null,
        null,
        1,
        null,
        1,
        1,
        1,
        null,
        1,
        null,
        null
      ]
    },
    "timestamp": 1546691195
  }
}
